<?xml version="1.0" encoding="UTF-8"?>
<testsuite xmlns:xsi="http://www.w3.org/2001/XMLSchema-instance" xsi:noNamespaceSchemaLocation="https://maven.apache.org/surefire/maven-surefire-plugin/xsd/surefire-test-report-3.0.xsd" version="3.0" name="com.chatapp.auth.AuthFlowIntegrationTest" time="68.572" tests="7" errors="0" skipped="0" failures="0">
  <properties>
[...]
</properties>
  <testcase name="refresh_withValidToken_rotatesAndReturnsNewTokens" classname="com.chatapp.auth.AuthFlowIntegrationTest" time="6.26">
    <system-out><![CDATA[Standard Commons Logging discovery in action with spring-jcl: please remove commons-logging.jar from classpath in order to avoid potential conflicts
12:52:23.737 [main] INFO org.springframework.test.context.support.AnnotationConfigContextLoaderUtils -- Could not detect default configuration classes for test class [com.chatapp.auth.AuthFlowIntegrationTest]: AuthFlowIntegrationTest does not declare any static, non-private, non-final, nested classes annotated with @Configuration.
12:52:24.249 [main] INFO org.springframework.boot.test.context.SpringBootTestContextBootstrapper -- Found @SpringBootConfiguration com.chatapp.ChatAppApplication for test class com.chatapp.auth.AuthFlowIntegrationTest
12:52:24.878 [main] INFO org.testcontainers.images.PullPolicy -- Image pull policy will be performed by: DefaultPullPolicy()
12:52:24.891 [main] INFO org.testcontainers.utility.ImageNameSubstitutor -- Image name substitution will be performed by: DefaultImageNameSubstitutor (composite of 'ConfigurationFileImageNameSubstitutor' and 'PrefixingImageNameSubstitutor')
12:52:24.976 [main] INFO org.testcontainers.DockerClientFactory -- Testcontainers version: 1.20.3
12:52:25.669 [main] INFO org.testcontainers.dockerclient.DockerClientProviderStrategy -- Loaded org.testcontainers.dockerclient.UnixSocketClientProviderStrategy from ~/.testcontainers.properties, will try it first
12:52:27.264 [main] INFO org.testcontainers.dockerclient.DockerClientProviderStrategy -- Found Docker environment with local Unix socket (unix:///var/run/docker.sock)
12:52:27.268 [main] INFO org.testcontainers.DockerClientFactory -- Docker host IP address is localhost
12:52:27.341 [main] INFO org.testcontainers.DockerClientFactory -- Connected to docker: 
  Server Version: 29.1.3
  API Version: 1.52
  Operating System: Linux Mint 21.3
  Total Memory: 3790 MB
12:52:27.899 [main] INFO tc.testcontainers/ryuk:0.9.0 -- Creating container for image: testcontainers/ryuk:0.9.0
12:52:27.920 [main] INFO org.testcontainers.utility.RegistryAuthLocator -- Failure when attempting to lookup auth config. Please ignore if you don't have images in an authenticated registry. Details: (dockerImageName: testcontainers/ryuk:0.9.0, configFile: /home/gowtham/.docker/config.json, configEnv: DOCKER_AUTH_CONFIG). Falling back to docker-java default behaviour. Exception message: Status 404: No config supplied. Checked in order: /home/gowtham/.docker/config.json (file not found), DOCKER_AUTH_CONFIG (not set)
12:52:30.129 [main] INFO tc.testcontainers/ryuk:0.9.0 -- Container testcontainers/ryuk:0.9.0 is starting: dc599a72ae8a9a97baa6ef5e906e55c124b1d90d43ca33ace45c00d57377d96a
12:52:32.214 [main] INFO tc.testcontainers/ryuk:0.9.0 -- Container testcontainers/ryuk:0.9.0 started in PT4.313404903S
12:52:32.237 [main] INFO org.testcontainers.utility.RyukResourceReaper -- Ryuk started - will monitor and terminate Testcontainers containers on JVM exit
12:52:32.238 [main] INFO org.testcontainers.DockerClientFactory -- Checking the system...
12:52:32.240 [main] INFO org.testcontainers.DockerClientFactory -- ✔︎ Docker server version should be at least 1.6.0
12:52:32.244 [main] INFO tc.postgres:16-alpine -- Creating container for image: postgres:16-alpine
12:52:33.860 [main] INFO tc.postgres:16-alpine -- Container postgres:16-alpine is starting: fb41ba4888575a7790048761bc1f6f3071830419c001979c24120732dbb26c9d
12:52:38.770 [main] INFO tc.postgres:16-alpine -- Container postgres:16-alpine started in PT6.526688696S
12:52:38.772 [main] INFO tc.postgres:16-alpine -- Container is started (JDBC URL: jdbc:postgresql://localhost:32820/chatapp_test?loggerLevel=OFF)
12:52:38.774 [main] INFO tc.redis:7-alpine -- Creating container for image: redis:7-alpine
12:52:41.093 [main] INFO tc.redis:7-alpine -- Container redis:7-alpine is starting: 2361f6513cb39e5db9300a6aa062e0827a6c225d2d6057d4794bf23f7205a069
12:52:42.325 [main] INFO tc.redis:7-alpine -- Container redis:7-alpine started in PT3.551122364S

  .   ____          _            __ _ _
 /\\ / ___'_ __ _ _(_)_ __  __ _ \ \ \ \
( ( )\___ | '_ | '_| | '_ \/ _` | \ \ \ \
 \\/  ___)| |_)| | | | | || (_| |  ) ) ) )
  '  |____| .__|_| |_|_| |_\__, | / / / /
 =========|_|==============|___/=/_/_/_/

 :: Spring Boot ::                (v3.3.4)

2026-08-19T12:52:43.841+05:30  INFO 22808 --- [chatapp-backend] [           main] c.chatapp.auth.AuthFlowIntegrationTest   : Starting AuthFlowIntegrationTest using Java 21.0.11 with PID 22808 (started by gowtham in /home/gowtham/Documents/chatapp/backend)
2026-08-19T12:52:43.849+05:30  INFO 22808 --- [chatapp-backend] [           main] c.chatapp.auth.AuthFlowIntegrationTest   : The following 1 profile is active: "test"
2026-08-19T12:52:49.225+05:30  INFO 22808 --- [chatapp-backend] [           main] .s.d.r.c.RepositoryConfigurationDelegate : Multiple Spring Data modules found, entering strict repository configuration mode
2026-08-19T12:52:49.231+05:30  INFO 22808 --- [chatapp-backend] [           main] .s.d.r.c.RepositoryConfigurationDelegate : Bootstrapping Spring Data JPA repositories in DEFAULT mode.
2026-08-19T12:52:49.954+05:30  INFO 22808 --- [chatapp-backend] [           main] .s.d.r.c.RepositoryConfigurationDelegate : Finished Spring Data repository scanning in 663 ms. Found 9 JPA repository interfaces.
2026-08-19T12:52:50.026+05:30  INFO 22808 --- [chatapp-backend] [           main] .s.d.r.c.RepositoryConfigurationDelegate : Multiple Spring Data modules found, entering strict repository configuration mode
2026-08-19T12:52:50.029+05:30  INFO 22808 --- [chatapp-backend] [           main] .s.d.r.c.RepositoryConfigurationDelegate : Bootstrapping Spring Data Redis repositories in DEFAULT mode.
2026-08-19T12:52:50.107+05:30  INFO 22808 --- [chatapp-backend] [           main] .RepositoryConfigurationExtensionSupport : Spring Data Redis - Could not safely identify store assignment for repository candidate interface com.chatapp.conversation.repository.ConversationParticipantRepository; If you want this repository to be a Redis repository, consider annotating your entities with one of these annotations: org.springframework.data.redis.core.RedisHash (preferred), or consider extending one of the following types with your repository: org.springframework.data.keyvalue.repository.KeyValueRepository
2026-08-19T12:52:50.109+05:30  INFO 22808 --- [chatapp-backend] [           main] .RepositoryConfigurationExtensionSupport : Spring Data Redis - Could not safely identify store assignment for repository candidate interface com.chatapp.conversation.repository.ConversationRepository; If you want this repository to be a Redis repository, consider annotating your entities with one of these annotations: org.springframework.data.redis.core.RedisHash (preferred), or consider extending one of the following types with your repository: org.springframework.data.keyvalue.repository.KeyValueRepository
2026-08-19T12:52:50.110+05:30  INFO 22808 --- [chatapp-backend] [           main] .RepositoryConfigurationExtensionSupport : Spring Data Redis - Could not safely identify store assignment for repository candidate interface com.chatapp.message.repository.MessageReceiptRepository; If you want this repository to be a Redis repository, consider annotating your entities with one of these annotations: org.springframework.data.redis.core.RedisHash (preferred), or consider extending one of the following types with your repository: org.springframework.data.keyvalue.repository.KeyValueRepository
2026-08-19T12:52:50.111+05:30  INFO 22808 --- [chatapp-backend] [           main] .RepositoryConfigurationExtensionSupport : Spring Data Redis - Could not safely identify store assignment for repository candidate interface com.chatapp.message.repository.MessageRepository; If you want this repository to be a Redis repository, consider annotating your entities with one of these annotations: org.springframework.data.redis.core.RedisHash (preferred), or consider extending one of the following types with your repository: org.springframework.data.keyvalue.repository.KeyValueRepository
2026-08-19T12:52:50.112+05:30  INFO 22808 --- [chatapp-backend] [           main] .RepositoryConfigurationExtensionSupport : Spring Data Redis - Could not safely identify store assignment for repository candidate interface com.chatapp.moderation.repository.ReportRepository; If you want this repository to be a Redis repository, consider annotating your entities with one of these annotations: org.springframework.data.redis.core.RedisHash (preferred), or consider extending one of the following types with your repository: org.springframework.data.keyvalue.repository.KeyValueRepository
2026-08-19T12:52:50.113+05:30  INFO 22808 --- [chatapp-backend] [           main] .RepositoryConfigurationExtensionSupport : Spring Data Redis - Could not safely identify store assignment for repository candidate interface com.chatapp.moderation.repository.UserBlockRepository; If you want this repository to be a Redis repository, consider annotating your entities with one of these annotations: org.springframework.data.redis.core.RedisHash (preferred), or consider extending one of the following types with your repository: org.springframework.data.keyvalue.repository.KeyValueRepository
2026-08-19T12:52:50.116+05:30  INFO 22808 --- [chatapp-backend] [           main] .RepositoryConfigurationExtensionSupport : Spring Data Redis - Could not safely identify store assignment for repository candidate interface com.chatapp.notification.repository.NotificationRepository; If you want this repository to be a Redis repository, consider annotating your entities with one of these annotations: org.springframework.data.redis.core.RedisHash (preferred), or consider extending one of the following types with your repository: org.springframework.data.keyvalue.repository.KeyValueRepository
2026-08-19T12:52:50.120+05:30  INFO 22808 --- [chatapp-backend] [           main] .RepositoryConfigurationExtensionSupport : Spring Data Redis - Could not safely identify store assignment for repository candidate interface com.chatapp.user.repository.RefreshTokenRepository; If you want this repository to be a Redis repository, consider annotating your entities with one of these annotations: org.springframework.data.redis.core.RedisHash (preferred), or consider extending one of the following types with your repository: org.springframework.data.keyvalue.repository.KeyValueRepository
2026-08-19T12:52:50.121+05:30  INFO 22808 --- [chatapp-backend] [           main] .RepositoryConfigurationExtensionSupport : Spring Data Redis - Could not safely identify store assignment for repository candidate interface com.chatapp.user.repository.UserRepository; If you want this repository to be a Redis repository, consider annotating your entities with one of these annotations: org.springframework.data.redis.core.RedisHash (preferred), or consider extending one of the following types with your repository: org.springframework.data.keyvalue.repository.KeyValueRepository
2026-08-19T12:52:50.124+05:30  INFO 22808 --- [chatapp-backend] [           main] .s.d.r.c.RepositoryConfigurationDelegate : Finished Spring Data repository scanning in 70 ms. Found 0 Redis repository interfaces.
2026-08-19T12:52:53.811+05:30  INFO 22808 --- [chatapp-backend] [           main] o.s.b.w.embedded.tomcat.TomcatWebServer  : Tomcat initialized with port 0 (http)
2026-08-19T12:52:53.906+05:30  INFO 22808 --- [chatapp-backend] [           main] o.apache.catalina.core.StandardService   : Starting service [Tomcat]
2026-08-19T12:52:53.910+05:30  INFO 22808 --- [chatapp-backend] [           main] o.apache.catalina.core.StandardEngine    : Starting Servlet engine: [Apache Tomcat/10.1.30]
2026-08-19T12:52:54.108+05:30  INFO 22808 --- [chatapp-backend] [           main] o.a.c.c.C.[Tomcat].[localhost].[/]       : Initializing Spring embedded WebApplicationContext
2026-08-19T12:52:54.116+05:30  INFO 22808 --- [chatapp-backend] [           main] w.s.c.ServletWebServerApplicationContext : Root WebApplicationContext: initialization completed in 10152 ms
Standard Commons Logging discovery in action with spring-jcl: please remove commons-logging.jar from classpath in order to avoid potential conflicts
2026-08-19T12:52:57.356+05:30  INFO 22808 --- [chatapp-backend] [           main] com.zaxxer.hikari.HikariDataSource       : HikariPool-1 - Starting...
2026-08-19T12:52:58.050+05:30  INFO 22808 --- [chatapp-backend] [           main] com.zaxxer.hikari.pool.HikariPool        : HikariPool-1 - Added connection org.postgresql.jdbc.PgConnection@5fb05c07
2026-08-19T12:52:58.055+05:30  INFO 22808 --- [chatapp-backend] [           main] com.zaxxer.hikari.HikariDataSource       : HikariPool-1 - Start completed.
2026-08-19T12:52:58.154+05:30  INFO 22808 --- [chatapp-backend] [           main] org.flywaydb.core.FlywayExecutor         : Database: jdbc:postgresql://localhost:32820/chatapp_test (PostgreSQL 16.15)
2026-08-19T12:52:58.278+05:30  INFO 22808 --- [chatapp-backend] [           main] o.f.c.i.s.JdbcTableSchemaHistory         : Schema history table "public"."flyway_schema_history" does not exist yet
2026-08-19T12:52:58.287+05:30  INFO 22808 --- [chatapp-backend] [           main] o.f.core.internal.command.DbValidate     : Successfully validated 6 migrations (execution time 00:00.064s)
2026-08-19T12:52:58.332+05:30  INFO 22808 --- [chatapp-backend] [           main] o.f.c.i.s.JdbcTableSchemaHistory         : Creating Schema History table "public"."flyway_schema_history" ...
2026-08-19T12:52:58.520+05:30  INFO 22808 --- [chatapp-backend] [           main] o.f.core.internal.command.DbMigrate      : Current version of schema "public": << Empty Schema >>
2026-08-19T12:52:58.577+05:30  INFO 22808 --- [chatapp-backend] [           main] o.f.core.internal.command.DbMigrate      : Migrating schema "public" to version "1 - extensions"
2026-08-19T12:52:58.742+05:30  INFO 22808 --- [chatapp-backend] [           main] o.f.core.internal.command.DbMigrate      : Migrating schema "public" to version "2 - init users"
2026-08-19T12:52:58.883+05:30  INFO 22808 --- [chatapp-backend] [           main] o.f.core.internal.command.DbMigrate      : Migrating schema "public" to version "3 - conversations"
2026-08-19T12:52:59.015+05:30  INFO 22808 --- [chatapp-backend] [           main] o.f.core.internal.command.DbMigrate      : Migrating schema "public" to version "4 - messages"
2026-08-19T12:52:59.094+05:30  INFO 22808 --- [chatapp-backend] [           main] o.f.core.internal.command.DbMigrate      : Migrating schema "public" to version "5 - moderation"
2026-08-19T12:52:59.180+05:30  INFO 22808 --- [chatapp-backend] [           main] o.f.core.internal.command.DbMigrate      : Migrating schema "public" to version "6 - notifications"
2026-08-19T12:52:59.277+05:30  INFO 22808 --- [chatapp-backend] [           main] o.f.core.internal.command.DbMigrate      : Successfully applied 6 migrations to schema "public", now at version v6 (execution time 00:00.316s)
2026-08-19T12:52:59.872+05:30  INFO 22808 --- [chatapp-backend] [           main] o.hibernate.jpa.internal.util.LogHelper  : HHH000204: Processing PersistenceUnitInfo [name: default]
2026-08-19T12:53:00.088+05:30  INFO 22808 --- [chatapp-backend] [           main] org.hibernate.Version                    : HHH000412: Hibernate ORM core version 6.5.3.Final
2026-08-19T12:53:00.235+05:30  INFO 22808 --- [chatapp-backend] [           main] o.h.c.internal.RegionFactoryInitiator    : HHH000026: Second-level cache disabled
2026-08-19T12:53:01.385+05:30  INFO 22808 --- [chatapp-backend] [           main] o.s.o.j.p.SpringPersistenceUnitInfo      : No LoadTimeWeaver setup: ignoring JPA class transformer
2026-08-19T12:53:06.049+05:30  INFO 22808 --- [chatapp-backend] [           main] o.h.e.t.j.p.i.JtaPlatformInitiator       : HHH000489: No JTA platform available (set 'hibernate.transaction.jta.platform' to enable JTA platform integration)
2026-08-19T12:53:06.175+05:30  INFO 22808 --- [chatapp-backend] [           main] j.LocalContainerEntityManagerFactoryBean : Initialized JPA EntityManagerFactory for persistence unit 'default'
2026-08-19T12:53:08.242+05:30  INFO 22808 --- [chatapp-backend] [           main] o.s.d.j.r.query.QueryEnhancerFactory     : Hibernate is in classpath; If applicable, HQL parser will be used.
2026-08-19T12:53:16.055+05:30  WARN 22808 --- [chatapp-backend] [           main] .s.s.UserDetailsServiceAutoConfiguration : 

Using generated security password: d0673266-daed-4c8f-a51d-4fd7b2bce1ac

This generated password is for development use only. Your security configuration must be updated before running your application in production.

2026-08-19T12:53:16.080+05:30  INFO 22808 --- [chatapp-backend] [           main] r$InitializeUserDetailsManagerConfigurer : Global AuthenticationManager configured with UserDetailsService bean with name inMemoryUserDetailsManager
2026-08-19T12:53:17.736+05:30  INFO 22808 --- [chatapp-backend] [           main] o.s.b.a.e.web.EndpointLinksResolver      : Exposing 2 endpoints beneath base path '/actuator'
2026-08-19T12:53:20.872+05:30  INFO 22808 --- [chatapp-backend] [           main] o.s.b.w.embedded.tomcat.TomcatWebServer  : Tomcat started on port 33925 (http) with context path '/'
2026-08-19T12:53:20.884+05:30  INFO 22808 --- [chatapp-backend] [           main] o.s.m.s.b.SimpleBrokerMessageHandler     : Starting...
2026-08-19T12:53:20.891+05:30  INFO 22808 --- [chatapp-backend] [           main] o.s.m.s.b.SimpleBrokerMessageHandler     : BrokerAvailabilityEvent[available=true, SimpleBrokerMessageHandler [org.springframework.messaging.simp.broker.DefaultSubscriptionRegistry@68661b94]]
2026-08-19T12:53:20.893+05:30  INFO 22808 --- [chatapp-backend] [           main] o.s.m.s.b.SimpleBrokerMessageHandler     : Started.
2026-08-19T12:53:20.958+05:30  INFO 22808 --- [chatapp-backend] [           main] c.chatapp.auth.AuthFlowIntegrationTest   : Started AuthFlowIntegrationTest in 38.509 seconds (process running for 60.81)
2026-08-19T12:53:25.244+05:30  INFO 22808 --- [chatapp-backend] [o-auto-1-exec-1] o.a.c.c.C.[Tomcat].[localhost].[/]       : Initializing Spring DispatcherServlet 'dispatcherServlet'
2026-08-19T12:53:25.245+05:30  INFO 22808 --- [chatapp-backend] [o-auto-1-exec-1] o.s.web.servlet.DispatcherServlet        : Initializing Servlet 'dispatcherServlet'
2026-08-19T12:53:25.257+05:30  INFO 22808 --- [chatapp-backend] [o-auto-1-exec-1] o.s.web.servlet.DispatcherServlet        : Completed initialization in 11 ms
]]></system-out>
    <system-err><![CDATA[WARNING: A Java agent has been loaded dynamically (/home/gowtham/.m2/repository/net/bytebuddy/byte-buddy-agent/1.14.19/byte-buddy-agent-1.14.19.jar)
WARNING: If a serviceability tool is in use, please run with -XX:+EnableDynamicAgentLoading to hide this warning
WARNING: If a serviceability tool is not in use, please run with -Djdk.instrument.traceUsage for more information
WARNING: Dynamic loading of agents will be disallowed by default in a future release
]]></system-err>
  </testcase>
  <testcase name="register_withValidData_createsUserAndReturnsTokens" classname="com.chatapp.auth.AuthFlowIntegrationTest" time="0.773"/>
  <testcase name="login_withWrongPassword_returnsUnauthorized" classname="com.chatapp.auth.AuthFlowIntegrationTest" time="1.082"/>
  <testcase name="register_withDuplicateUsername_returnsConflict" classname="com.chatapp.auth.AuthFlowIntegrationTest" time="0.558"/>
  <testcase name="register_withWeakPassword_returnsBadRequestWithFieldErrors" classname="com.chatapp.auth.AuthFlowIntegrationTest" time="0.133"/>
  <testcase name="protectedEndpoint_withoutToken_returnsUnauthorized" classname="com.chatapp.auth.AuthFlowIntegrationTest" time="0.072"/>
  <testcase name="login_withCorrectCredentials_returnsTokens" classname="com.chatapp.auth.AuthFlowIntegrationTest" time="1.053"/>
</testsuite>