<?xml version="1.0" encoding="UTF-8"?>
<testsuite xmlns:xsi="http://www.w3.org/2001/XMLSchema-instance" xsi:noNamespaceSchemaLocation="https://maven.apache.org/surefire/maven-surefire-plugin/xsd/surefire-test-report-3.0.xsd" version="3.0" name="com.chatapp.message.service.MessageServiceTest" time="4.222" tests="9" errors="0" skipped="0" failures="0">
  <properties>
[...]
</properties>
  <testcase name="deleteMessage_byNonSender_throwsForbidden" classname="com.chatapp.message.service.MessageServiceTest" time="3.612"/>
  <testcase name="deleteMessage_forEveryoneAfter48Hours_throwsBadRequest" classname="com.chatapp.message.service.MessageServiceTest" time="0.058"/>
  <testcase name="send_whenSenderNotParticipant_throwsForbidden" classname="com.chatapp.message.service.MessageServiceTest" time="0.054"/>
  <testcase name="send_whenConversationDoesNotExist_throwsNotFound" classname="com.chatapp.message.service.MessageServiceTest" time="0.038"/>
  <testcase name="send_withImageTypeButNoAttachmentUrl_throwsBadRequest" classname="com.chatapp.message.service.MessageServiceTest" time="0.086"/>
  <testcase name="send_withValidTextMessage_persistsAndCreatesReceipt" classname="com.chatapp.message.service.MessageServiceTest" time="0.12"/>
  <testcase name="send_whenRecipientBlocked_throwsForbidden" classname="com.chatapp.message.service.MessageServiceTest" time="0.05"/>
  <testcase name="send_withEmptyTextContent_throwsBadRequest" classname="com.chatapp.message.service.MessageServiceTest" time="0.054"/>
  <testcase name="deleteMessage_byOwnerWithinWindow_softDeletesSuccessfully" classname="com.chatapp.message.service.MessageServiceTest" time="0.037"/>
</testsuite>